mode: set
webapp/pkg/db/users_postgres.go:19.57,27.16 5 0
webapp/pkg/db/users_postgres.go:27.16,29.3 1 0
webapp/pkg/db/users_postgres.go:30.2,34.18 3 0
webapp/pkg/db/users_postgres.go:34.18,46.17 3 0
webapp/pkg/db/users_postgres.go:46.17,49.4 2 0
webapp/pkg/db/users_postgres.go:51.3,51.31 1 0
webapp/pkg/db/users_postgres.go:54.2,54.19 1 0
webapp/pkg/db/users_postgres.go:58.60,84.16 7 0
webapp/pkg/db/users_postgres.go:84.16,86.3 1 0
webapp/pkg/db/users_postgres.go:88.2,88.19 1 0
webapp/pkg/db/users_postgres.go:92.73,118.16 7 0
webapp/pkg/db/users_postgres.go:118.16,120.3 1 0
webapp/pkg/db/users_postgres.go:122.2,122.19 1 0
webapp/pkg/db/users_postgres.go:126.54,148.16 5 0
webapp/pkg/db/users_postgres.go:148.16,150.3 1 0
webapp/pkg/db/users_postgres.go:152.2,152.12 1 0
webapp/pkg/db/users_postgres.go:156.49,163.16 5 0
webapp/pkg/db/users_postgres.go:163.16,165.3 1 0
webapp/pkg/db/users_postgres.go:167.2,167.12 1 0
webapp/pkg/db/users_postgres.go:171.64,176.16 4 0
webapp/pkg/db/users_postgres.go:176.16,178.3 1 0
webapp/pkg/db/users_postgres.go:180.2,194.16 4 0
webapp/pkg/db/users_postgres.go:194.16,196.3 1 0
webapp/pkg/db/users_postgres.go:198.2,198.19 1 0
webapp/pkg/db/users_postgres.go:202.69,207.16 4 0
webapp/pkg/db/users_postgres.go:207.16,209.3 1 0
webapp/pkg/db/users_postgres.go:211.2,213.16 3 0
webapp/pkg/db/users_postgres.go:213.16,215.3 1 0
webapp/pkg/db/users_postgres.go:217.2,217.12 1 0
webapp/pkg/db/users_postgres.go:221.71,236.16 6 0
webapp/pkg/db/users_postgres.go:236.16,238.3 1 0
webapp/pkg/db/users_postgres.go:240.2,240.19 1 0
webapp/pkg/data/users.go:24.64,26.16 2 0
webapp/pkg/data/users.go:26.16,27.10 1 0
webapp/pkg/data/users.go:28.60,30.21 1 0
webapp/pkg/data/users.go:31.11,32.21 1 0
webapp/pkg/data/users.go:36.2,36.18 1 0
webapp/cmd/web/db.go:12.42,14.16 2 1
webapp/cmd/web/db.go:14.16,16.3 1 0
webapp/cmd/web/db.go:17.2,18.16 2 1
webapp/cmd/web/db.go:18.16,20.3 1 0
webapp/cmd/web/db.go:21.2,21.16 1 1
webapp/cmd/web/db.go:24.56,26.16 2 1
webapp/cmd/web/db.go:26.16,28.3 1 0
webapp/cmd/web/db.go:29.2,30.24 2 1
webapp/cmd/web/forms.go:10.42,12.20 2 1
webapp/cmd/web/forms.go:12.20,14.3 1 1
webapp/cmd/web/forms.go:15.2,15.16 1 1
webapp/cmd/web/forms.go:18.44,20.2 1 1
webapp/cmd/web/forms.go:27.37,32.2 1 1
webapp/cmd/web/forms.go:34.39,36.13 2 1
webapp/cmd/web/forms.go:36.13,38.3 1 1
webapp/cmd/web/forms.go:39.2,39.13 1 1
webapp/cmd/web/forms.go:42.43,43.31 1 1
webapp/cmd/web/forms.go:43.31,45.37 2 1
webapp/cmd/web/forms.go:45.37,47.4 1 1
webapp/cmd/web/forms.go:51.52,52.9 1 1
webapp/cmd/web/forms.go:52.9,54.3 1 1
webapp/cmd/web/forms.go:57.29,59.2 1 1
webapp/cmd/web/handlers.go:21.70,23.45 2 1
webapp/cmd/web/handlers.go:23.45,26.3 2 1
webapp/cmd/web/handlers.go:26.8,28.3 1 1
webapp/cmd/web/handlers.go:29.2,31.4 1 1
webapp/cmd/web/handlers.go:34.73,36.2 1 0
webapp/cmd/web/handlers.go:38.71,41.16 2 1
webapp/cmd/web/handlers.go:41.16,44.3 2 1
webapp/cmd/web/handlers.go:46.2,49.19 3 1
webapp/cmd/web/handlers.go:49.19,53.3 3 1
webapp/cmd/web/handlers.go:55.2,60.16 4 1
webapp/cmd/web/handlers.go:60.16,64.3 3 1
webapp/cmd/web/handlers.go:66.2,66.42 1 1
webapp/cmd/web/handlers.go:66.42,70.3 3 1
webapp/cmd/web/handlers.go:72.2,75.59 3 1
webapp/cmd/web/handlers.go:78.106,80.16 2 1
webapp/cmd/web/handlers.go:80.16,83.3 2 1
webapp/cmd/web/handlers.go:85.2,90.16 5 1
webapp/cmd/web/handlers.go:90.16,93.3 2 1
webapp/cmd/web/handlers.go:94.2,94.12 1 1
webapp/cmd/web/handlers.go:97.94,98.72 1 1
webapp/cmd/web/handlers.go:98.72,100.3 1 1
webapp/cmd/web/handlers.go:101.2,102.13 2 1
webapp/cmd/web/main.go:20.13,29.16 6 0
webapp/cmd/web/main.go:29.16,31.3 1 0
webapp/cmd/web/main.go:33.2,43.16 6 0
webapp/cmd/web/main.go:43.16,45.3 1 0
webapp/cmd/web/middlewares.go:14.67,16.2 1 1
webapp/cmd/web/middlewares.go:18.72,19.71 1 1
webapp/cmd/web/middlewares.go:19.71,22.17 3 1
webapp/cmd/web/middlewares.go:22.17,24.20 2 1
webapp/cmd/web/middlewares.go:24.20,26.5 1 1
webapp/cmd/web/middlewares.go:27.4,27.60 1 1
webapp/cmd/web/middlewares.go:28.9,30.4 1 1
webapp/cmd/web/middlewares.go:31.3,31.40 1 1
webapp/cmd/web/middlewares.go:35.45,38.16 2 1
webapp/cmd/web/middlewares.go:38.16,40.3 1 1
webapp/cmd/web/middlewares.go:42.2,43.19 2 1
webapp/cmd/web/middlewares.go:43.19,45.3 1 1
webapp/cmd/web/middlewares.go:47.2,48.22 2 1
webapp/cmd/web/middlewares.go:48.22,50.3 1 1
webapp/cmd/web/middlewares.go:52.2,52.16 1 1
webapp/cmd/web/routes.go:10.47,26.2 10 1
webapp/cmd/web/sessions.go:10.39,17.2 6 1
webapp/pkg/data/users.go:24.64,26.16 2 1
webapp/pkg/data/users.go:26.16,27.10 1 1
webapp/pkg/data/users.go:28.60,30.21 1 1
webapp/pkg/data/users.go:31.11,32.21 1 0
webapp/pkg/data/users.go:36.2,36.18 1 1
webapp/pkg/db/users_postgres.go:19.57,27.16 5 0
webapp/pkg/db/users_postgres.go:27.16,29.3 1 0
webapp/pkg/db/users_postgres.go:30.2,34.18 3 0
webapp/pkg/db/users_postgres.go:34.18,46.17 3 0
webapp/pkg/db/users_postgres.go:46.17,49.4 2 0
webapp/pkg/db/users_postgres.go:51.3,51.31 1 0
webapp/pkg/db/users_postgres.go:54.2,54.19 1 0
webapp/pkg/db/users_postgres.go:58.60,84.16 7 0
webapp/pkg/db/users_postgres.go:84.16,86.3 1 0
webapp/pkg/db/users_postgres.go:88.2,88.19 1 0
webapp/pkg/db/users_postgres.go:92.73,118.16 7 1
webapp/pkg/db/users_postgres.go:118.16,120.3 1 1
webapp/pkg/db/users_postgres.go:122.2,122.19 1 1
webapp/pkg/db/users_postgres.go:126.54,148.16 5 0
webapp/pkg/db/users_postgres.go:148.16,150.3 1 0
webapp/pkg/db/users_postgres.go:152.2,152.12 1 0
webapp/pkg/db/users_postgres.go:156.49,163.16 5 0
webapp/pkg/db/users_postgres.go:163.16,165.3 1 0
webapp/pkg/db/users_postgres.go:167.2,167.12 1 0
webapp/pkg/db/users_postgres.go:171.64,176.16 4 0
webapp/pkg/db/users_postgres.go:176.16,178.3 1 0
webapp/pkg/db/users_postgres.go:180.2,194.16 4 0
webapp/pkg/db/users_postgres.go:194.16,196.3 1 0
webapp/pkg/db/users_postgres.go:198.2,198.19 1 0
webapp/pkg/db/users_postgres.go:202.69,207.16 4 0
webapp/pkg/db/users_postgres.go:207.16,209.3 1 0
webapp/pkg/db/users_postgres.go:211.2,213.16 3 0
webapp/pkg/db/users_postgres.go:213.16,215.3 1 0
webapp/pkg/db/users_postgres.go:217.2,217.12 1 0
webapp/pkg/db/users_postgres.go:221.71,236.16 6 0
webapp/pkg/db/users_postgres.go:236.16,238.3 1 0
webapp/pkg/db/users_postgres.go:240.2,240.19 1 0
